<?xml version="1.0" encoding="UTF-8"?>
<!-- Generated by org.testng.reporters.JUnitReportReporter -->
<testsuite hostname="DESKTOP-TKNJ4V5" failures="0" tests="1" name="com.Practice.OrganisationAutomation" time="0.028" errors="0" timestamp="2022-07-21T14:54:31 IST" skipped="0">
  <testcase classname="com.Practice.OrganisationAutomation" name="organisationName" time="0.028"/>
  <system-out>
    <![CDATA[hello]]>
  </system-out>
</testsuite> <!-- com.Practice.OrganisationAutomation -->
